<?xml version="1.0" encoding="UTF-8"?>
<!-- Generated by org.testng.reporters.JUnitReportReporter -->
<testsuite hostname="DESKTOP-4SB3EJM" failures="0" tests="14" name="com.qa.opencart.tests.HomePageTest" time="16.131" errors="0" timestamp="2025-04-17T15:37:10 EDT" skipped="1">
  <testcase classname="com.qa.opencart.tests.HomePageTest" name="footerTest" time="0.291"/>
  <testcase classname="com.qa.opencart.tests.HomePageTest" name="logoutLinkExistTest" time="0.522"/>
  <testcase classname="com.qa.opencart.tests.HomePageTest" name="searchTest" time="0.819"/>
  <testcase classname="com.qa.opencart.tests.HomePageTest" name="searchTest" time="0.778"/>
  <testcase classname="com.qa.opencart.tests.HomePageTest" name="footerTest" time="0.349"/>
  <testcase classname="com.qa.opencart.tests.HomePageTest" name="headersTest" time="0.139"/>
  <testcase classname="com.qa.opencart.tests.HomePageTest" name="footerTest" time="0.323"/>
  <testcase classname="com.qa.opencart.tests.HomePageTest" name="footerTest" time="0.264"/>
  <testcase classname="com.qa.opencart.tests.HomePageTest" name="homePageTitleTest" time="0.024"/>
  <testcase classname="com.qa.opencart.tests.HomePageTest" name="searchTest" time="0.831"/>
  <testcase classname="com.qa.opencart.tests.HomePageTest" name="searchTest" time="0.875"/>
  <testcase classname="com.qa.opencart.tests.HomePageTest" name="homePageURLTest" time="0.027"/>
  <testcase classname="com.qa.opencart.tests.HomePageTest" name="searchTest" time="10.889"/>
  <testcase classname="com.qa.opencart.tests.HomePageTest" name="logoTest">
    <skipped/>
  </testcase> <!-- logoTest -->
</testsuite> <!-- com.qa.opencart.tests.HomePageTest -->
