<?xml version="1.0" encoding="UTF-8"?>
<!-- Generated by org.testng.reporters.JUnitReportReporter -->
<testsuite hostname="DESKTOP-4SB3EJM" failures="0" tests="14" name="com.qa.opencart.tests.HomePageTest" time="25.634" errors="0" timestamp="2025-04-14T16:15:24 EDT" skipped="1">
  <testcase classname="com.qa.opencart.tests.HomePageTest" name="homePageTitleTest" time="0.058"/>
  <testcase classname="com.qa.opencart.tests.HomePageTest" name="footerTest" time="2.260"/>
  <testcase classname="com.qa.opencart.tests.HomePageTest" name="searchTest" time="1.328"/>
  <testcase classname="com.qa.opencart.tests.HomePageTest" name="footerTest" time="0.602"/>
  <testcase classname="com.qa.opencart.tests.HomePageTest" name="footerTest" time="2.859"/>
  <testcase classname="com.qa.opencart.tests.HomePageTest" name="searchTest" time="1.922"/>
  <testcase classname="com.qa.opencart.tests.HomePageTest" name="searchTest" time="1.379"/>
  <testcase classname="com.qa.opencart.tests.HomePageTest" name="searchTest" time="1.666"/>
  <testcase classname="com.qa.opencart.tests.HomePageTest" name="homePageURLTest" time="0.104"/>
  <testcase classname="com.qa.opencart.tests.HomePageTest" name="footerTest" time="0.979"/>
  <testcase classname="com.qa.opencart.tests.HomePageTest" name="searchTest" time="11.620"/>
  <testcase classname="com.qa.opencart.tests.HomePageTest" name="headersTest" time="0.737"/>
  <testcase classname="com.qa.opencart.tests.HomePageTest" name="logoutLinkExistTest" time="0.120"/>
  <testcase classname="com.qa.opencart.tests.HomePageTest" name="logoTest">
    <skipped/>
  </testcase> <!-- logoTest -->
</testsuite> <!-- com.qa.opencart.tests.HomePageTest -->
