<?xml version="1.0" encoding="UTF-8"?>
<!-- Generated by org.testng.reporters.JUnitReportReporter -->
<testsuite hostname="DESKTOP-4SB3EJM" failures="0" tests="14" name="com.qa.opencart.tests.HomePageTest" time="15.730" errors="0" timestamp="2025-04-17T12:58:17 EDT" skipped="1">
  <testcase classname="com.qa.opencart.tests.HomePageTest" name="footerTest" time="0.277"/>
  <testcase classname="com.qa.opencart.tests.HomePageTest" name="footerTest" time="0.282"/>
  <testcase classname="com.qa.opencart.tests.HomePageTest" name="searchTest" time="0.758"/>
  <testcase classname="com.qa.opencart.tests.HomePageTest" name="headersTest" time="0.155"/>
  <testcase classname="com.qa.opencart.tests.HomePageTest" name="footerTest" time="0.243"/>
  <testcase classname="com.qa.opencart.tests.HomePageTest" name="searchTest" time="11.026"/>
  <testcase classname="com.qa.opencart.tests.HomePageTest" name="footerTest" time="0.260"/>
  <testcase classname="com.qa.opencart.tests.HomePageTest" name="searchTest" time="0.781"/>
  <testcase classname="com.qa.opencart.tests.HomePageTest" name="homePageTitleTest" time="0.020"/>
  <testcase classname="com.qa.opencart.tests.HomePageTest" name="homePageURLTest" time="0.022"/>
  <testcase classname="com.qa.opencart.tests.HomePageTest" name="searchTest" time="0.836"/>
  <testcase classname="com.qa.opencart.tests.HomePageTest" name="searchTest" time="0.732"/>
  <testcase classname="com.qa.opencart.tests.HomePageTest" name="logoutLinkExistTest" time="0.338"/>
  <testcase classname="com.qa.opencart.tests.HomePageTest" name="logoTest">
    <skipped/>
  </testcase> <!-- logoTest -->
</testsuite> <!-- com.qa.opencart.tests.HomePageTest -->
